\BOOKMARK [1][-]{section.1}{\376\377\000C\000o\000m\000p\000i\000l\000e}{}% 1
\BOOKMARK [2][-]{subsection.1.1}{\376\377\000F\000a\000s\000t\000\040\000I\000/\000O}{section.1}% 2
\BOOKMARK [2][-]{subsection.1.2}{\376\377\000R\000u\000n\000.\000b\000a\000s\000h}{section.1}% 3
\BOOKMARK [2][-]{subsection.1.3}{\376\377\000R\000u\000n\000.\000p\000s\0001}{section.1}% 4
\BOOKMARK [2][-]{subsection.1.4}{\376\377\000C\000m\000p\000.\000s\000h}{section.1}% 5
\BOOKMARK [1][-]{section.2}{\376\377\000G\000r\000a\000p\000h}{}% 6
\BOOKMARK [2][-]{subsection.2.1}{\376\377\000D\000i\000a\000m\000e\000t\000e\000r\000\040\000o\000f\000\040\000a\000\040\000T\000r\000e\000e}{section.2}% 7
\BOOKMARK [2][-]{subsection.2.2}{\376\377\000C\000e\000n\000t\000r\000o\000i\000d\000\040\000o\000f\000\040\000a\000\040\000T\000r\000e\000e}{section.2}% 8
\BOOKMARK [2][-]{subsection.2.3}{\376\377\000M\000i\000n\000i\000m\000u\000m\000\040\000S\000p\000a\000n\000n\000i\000n\000g\000\040\000T\000r\000e\000e}{section.2}% 9
\BOOKMARK [3][-]{subsubsection.2.3.1}{\376\377\000P\000r\000i\000m}{subsection.2.3}% 10
\BOOKMARK [3][-]{subsubsection.2.3.2}{\376\377\000K\000r\000u\000s\000k\000a\000l}{subsection.2.3}% 11
\BOOKMARK [2][-]{subsection.2.4}{\376\377\000L\000C\000A}{section.2}% 12
\BOOKMARK [2][-]{subsection.2.5}{\376\377\000T\000o\000p\000o\000l\000o\000g\000i\000c\000a\000l\000\040\000S\000o\000r\000t\000i\000n\000g}{section.2}% 13
\BOOKMARK [2][-]{subsection.2.6}{\376\377\000S\000h\000o\000r\000t\000e\000s\000t\000\040\000P\000a\000t\000h}{section.2}% 14
\BOOKMARK [3][-]{subsubsection.2.6.1}{\376\377\000D\000i\000j\000s\000t\000r\000k\000a}{subsection.2.6}% 15
\BOOKMARK [3][-]{subsubsection.2.6.2}{\376\377\000S\000P\000F\000A}{subsection.2.6}% 16
\BOOKMARK [2][-]{subsection.2.7}{\376\377\000D\000C\000C}{section.2}% 17
\BOOKMARK [2][-]{subsection.2.8}{\376\377\000T\000a\000r\000j\000a\000n}{section.2}% 18
\BOOKMARK [2][-]{subsection.2.9}{\376\377\000B\000i\000p\000a\000r\000t\000i\000t\000e\000\040\000G\000r\000a\000p\000h\000\040\000M\000a\000t\000c\000h\000i\000n\000g\000s}{section.2}% 19
\BOOKMARK [2][-]{subsection.2.10}{\376\377\000F\000l\000o\000w}{section.2}% 20
\BOOKMARK [3][-]{subsubsection.2.10.1}{\376\377\000E\000d\000m\000o\000n\000d\000s\000-\000K\000a\000r\000p}{subsection.2.10}% 21
\BOOKMARK [3][-]{subsubsection.2.10.2}{\376\377\000D\000i\000n\000i\000c}{subsection.2.10}% 22
\BOOKMARK [1][-]{section.3}{\376\377\000D\000a\000t\000a\000\040\000S\000t\000r\000u\000c\000t\000u\000r\000e}{}% 23
\BOOKMARK [2][-]{subsection.3.1}{\376\377\000S\000e\000g\000m\000e\000n\000t\000\040\000T\000r\000e\000e}{section.3}% 24
\BOOKMARK [2][-]{subsection.3.2}{\376\377\000F\000e\000n\000w\000i\000c\000k\000\040\000T\000r\000e\000e}{section.3}% 25
\BOOKMARK [2][-]{subsection.3.3}{\376\377\000H\000e\000a\000v\000y\000-\000L\000i\000g\000h\000t\000\040\000D\000e\000c\000o\000m\000p\000o\000s\000i\000t\000i\000o\000n}{section.3}% 26
\BOOKMARK [2][-]{subsection.3.4}{\376\377\000S\000p\000l\000a\000y\000\040\000T\000r\000e\000e}{section.3}% 27
\BOOKMARK [2][-]{subsection.3.5}{\376\377\000C\000a\000r\000t\000e\000s\000i\000a\000n\000\040\000T\000r\000e\000e}{section.3}% 28
\BOOKMARK [2][-]{subsection.3.6}{\376\377\000S\000p\000a\000r\000s\000e\000\040\000T\000a\000b\000l\000e}{section.3}% 29
\BOOKMARK [2][-]{subsection.3.7}{\376\377\000P\000e\000r\000s\000i\000s\000t\000e\000n\000t\000\040\000D\000a\000t\000a\000\040\000S\000t\000r\000u\000c\000t\000u\000r\000e}{section.3}% 30
\BOOKMARK [2][-]{subsection.3.8}{\376\377\000L\000i\000n\000e\000a\000r\000-\000B\000a\000s\000i\000s}{section.3}% 31
\BOOKMARK [1][-]{section.4}{\376\377\000M\000a\000t\000h}{}% 32
\BOOKMARK [2][-]{subsection.4.1}{\376\377\000S\000u\000b\000s\000e\000t\000\040\000E\000n\000u\000m\000e\000r\000a\000t\000i\000o\000n}{section.4}% 33
\BOOKMARK [2][-]{subsection.4.2}{\376\377\000E\000l\000e\000m\000e\000n\000t\000a\000r\000y\000\040\000A\000r\000i\000t\000h\000m\000e\000t\000i\000c\000\040\000B\000u\000c\000k\000e\000t}{section.4}% 34
\BOOKMARK [2][-]{subsection.4.3}{\376\377\000C\000o\000m\000b\000i\000n\000a\000t\000i\000o\000n}{section.4}% 35
\BOOKMARK [2][-]{subsection.4.4}{\376\377\000T\000h\000e\000\040\000S\000i\000e\000v\000e\000\040\000o\000f\000\040\000P\000r\000i\000m\000e\000s\000\040\000\046\000\040\000E\000u\000l\000e\000r\000'\000s\000\040\000T\000o\000t\000i\000e\000n\000t\000\040\000F\000u\000n\000c\000t\000i\000o\000n\000\040\000\046\000\040\000M\000\366\000b\000i\000u\000s\000\040\000F\000u\000n\000c\000t\000i\000o\000n}{section.4}% 36
\BOOKMARK [2][-]{subsection.4.5}{\376\377\000E\000x\000g\000c\000d}{section.4}% 37
\BOOKMARK [2][-]{subsection.4.6}{\376\377\000C\000R\000T}{section.4}% 38
\BOOKMARK [2][-]{subsection.4.7}{\376\377\000G\000a\000u\000s\000s\000i\000a\000n\000\040\000E\000l\000i\000m\000i\000n\000a\000t\000i\000o\000n}{section.4}% 39
\BOOKMARK [2][-]{subsection.4.8}{\376\377\000F\000F\000T}{section.4}% 40
\BOOKMARK [2][-]{subsection.4.9}{\376\377\000N\000T\000T}{section.4}% 41
\BOOKMARK [1][-]{section.5}{\376\377\000C\000o\000m\000p\000u\000t\000a\000t\000i\000o\000n\000a\000l\000\040\000G\000e\000o\000m\000e\000t\000r\000y}{}% 42
\BOOKMARK [1][-]{section.6}{\376\377\000S\000t\000r\000i\000n\000g}{}% 43
\BOOKMARK [2][-]{subsection.6.1}{\376\377\000H\000a\000s\000h}{section.6}% 44
\BOOKMARK [2][-]{subsection.6.2}{\376\377\000K\000M\000P}{section.6}% 45
\BOOKMARK [2][-]{subsection.6.3}{\376\377\000M\000a\000n\000a\000c\000h\000e\000r}{section.6}% 46
\BOOKMARK [2][-]{subsection.6.4}{\376\377\000T\000r\000i\000e}{section.6}% 47
\BOOKMARK [3][-]{subsubsection.6.4.1}{\376\377\000T\000r\000i\000e}{subsection.6.4}% 48
\BOOKMARK [3][-]{subsubsection.6.4.2}{\376\377\0000\0001\000-\000T\000r\000i\000e}{subsection.6.4}% 49
\BOOKMARK [2][-]{subsection.6.5}{\376\377\000A\000h\000o\000-\000C\000o\000r\000a\000s\000i\000c\000k\000\040\000A\000u\000t\000o\000m\000a\000t\000o\000n}{section.6}% 50
\BOOKMARK [2][-]{subsection.6.6}{\376\377\000S\000A\000M}{section.6}% 51
